Arguments: 
  /usr/local/bin/node /usr/local/bin/yarn add express bodyParser cors

PATH: 
  /usr/local/opt/gettext/bin:/usr/local/bin:/usr/bin:/bin:/usr/sbin:/sbin:/usr/local/go/bin:/Library/Apple/usr/bin:/usr/local/opt/gettext/bin:/Users/otisvirginie/Library/Application Support/Coursier/bin:/Users/otisvirginie/Library/Android/sdk/emulator:/Users/otisvirginie/Library/Android/sdk/tools:/Users/otisvirginie/Library/Android/sdk/tools/bin:/Users/otisvirginie/terraform:/Users/otisvirginie/Library/Application Support/Coursier/bin:/Users/otisvirginie/Library/Android/sdk/emulator:/Users/otisvirginie/Library/Android/sdk/tools:/Users/otisvirginie/Library/Android/sdk/tools/bin:/Users/otisvirginie/terraform

Yarn version: 
  1.22.10

Node version: 
  12.6.0

Platform: 
  darwin x64

Trace: 
  Error: https://otis.bytesafe.dev/r/default/bodyParser: package not found
      at Request.params.callback [as _callback] (/usr/local/lib/node_modules/yarn/lib/cli.js:66988:18)
      at Request.self.callback (/usr/local/lib/node_modules/yarn/lib/cli.js:140662:22)
      at Request.emit (events.js:203:13)
      at Request.<anonymous> (/usr/local/lib/node_modules/yarn/lib/cli.js:141634:10)
      at Request.emit (events.js:203:13)
      at IncomingMessage.<anonymous> (/usr/local/lib/node_modules/yarn/lib/cli.js:141556:12)
      at Object.onceWrapper (events.js:291:20)
      at IncomingMessage.emit (events.js:208:15)
      at endReadableNT (_stream_readable.js:1154:12)
      at processTicksAndRejections (internal/process/task_queues.js:77:11)

npm manifest: 
  {
    "name": "otissv-backend",
    "version": "1.0.0",
    "description": "",
    "main": "index.js",
    "scripts": {
      "test": "echo \"Error: no test specified\" && exit 1"
    },
    "author": "Otis Virginie",
    "license": "ISC"
  }

yarn manifest: 
  No manifest

Lockfile: 
  No lockfile
